<?xml version="1.0" encoding="UTF-8"?>
<coverage generated="1741780532">
  <project timestamp="1741780532">
    <file name="C:\Users\mathe\Desktop\users_api\src\Controller\AuthController.php">
      <class name="App\Controller\AuthController" namespace="global">
        <metrics complexity="5" methods="3" coveredmethods="3" conditionals="0" coveredconditionals="0" statements="20" coveredstatements="20" elements="23" coveredelements="23"/>
      </class>
      <line num="20" type="method" name="__construct" visibility="public" complexity="1" crap="1" count="5"/>
      <line num="22" type="stmt" count="5"/>
      <line num="25" type="method" name="register" visibility="public" complexity="2" crap="2" count="2"/>
      <line num="28" type="stmt" count="2"/>
      <line num="30" type="stmt" count="2"/>
      <line num="31" type="stmt" count="2"/>
      <line num="32" type="stmt" count="2"/>
      <line num="33" type="stmt" count="2"/>
      <line num="34" type="stmt" count="2"/>
      <line num="36" type="stmt" count="2"/>
      <line num="37" type="stmt" count="2"/>
      <line num="38" type="stmt" count="1"/>
      <line num="41" type="stmt" count="1"/>
      <line num="44" type="method" name="login" visibility="public" complexity="2" crap="2" count="3"/>
      <line num="47" type="stmt" count="3"/>
      <line num="49" type="stmt" count="3"/>
      <line num="50" type="stmt" count="3"/>
      <line num="51" type="stmt" count="3"/>
      <line num="52" type="stmt" count="3"/>
      <line num="54" type="stmt" count="3"/>
      <line num="55" type="stmt" count="3"/>
      <line num="56" type="stmt" count="1"/>
      <line num="59" type="stmt" count="2"/>
      <metrics loc="62" ncloc="62" classes="1" methods="3" coveredmethods="3" conditionals="0" coveredconditionals="0" statements="20" coveredstatements="20" elements="23" coveredelements="23"/>
    </file>
    <file name="C:\Users\mathe\Desktop\users_api\src\DTO\Auth\LoginDTO.php">
      <class name="App\DTO\Auth\LoginDTO" namespace="global">
        <metrics complexity="1" methods="1" coveredmethods="1" conditionals="0" coveredconditionals="0" statements="2" coveredstatements="2" elements="3" coveredelements="3"/>
      </class>
      <line num="16" type="method" name="__construct" visibility="public" complexity="1" crap="1" count="9"/>
      <line num="18" type="stmt" count="9"/>
      <line num="19" type="stmt" count="9"/>
      <metrics loc="22" ncloc="22" classes="1" methods="1" coveredmethods="1" conditionals="0" coveredconditionals="0" statements="2" coveredstatements="2" elements="3" coveredelements="3"/>
    </file>
    <file name="C:\Users\mathe\Desktop\users_api\src\DTO\Auth\RegisterDTO.php">
      <class name="App\DTO\Auth\RegisterDTO" namespace="global">
        <metrics complexity="1" methods="1" coveredmethods="1" conditionals="0" coveredconditionals="0" statements="3" coveredstatements="3" elements="4" coveredelements="4"/>
      </class>
      <line num="21" type="method" name="__construct" visibility="public" complexity="1" crap="1" count="4"/>
      <line num="23" type="stmt" count="4"/>
      <line num="24" type="stmt" count="4"/>
      <line num="25" type="stmt" count="4"/>
      <metrics loc="28" ncloc="28" classes="1" methods="1" coveredmethods="1" conditionals="0" coveredconditionals="0" statements="3" coveredstatements="3" elements="4" coveredelements="4"/>
    </file>
    <file name="C:\Users\mathe\Desktop\users_api\src\Entity\User.php">
      <class name="App\Entity\User" namespace="global">
        <metrics complexity="10" methods="10" coveredmethods="6" conditionals="0" coveredconditionals="0" statements="14" coveredstatements="10" elements="24" coveredelements="16"/>
      </class>
      <line num="31" type="method" name="__construct" visibility="public" complexity="1" crap="1" count="5"/>
      <line num="33" type="stmt" count="5"/>
      <line num="37" type="method" name="getId" visibility="public" complexity="1" crap="2" count="0"/>
      <line num="39" type="stmt" count="0"/>
      <line num="42" type="method" name="getName" visibility="public" complexity="1" crap="2" count="0"/>
      <line num="44" type="stmt" count="0"/>
      <line num="47" type="method" name="setName" visibility="public" complexity="1" crap="1" count="1"/>
      <line num="49" type="stmt" count="1"/>
      <line num="51" type="stmt" count="1"/>
      <line num="54" type="method" name="getEmail" visibility="public" complexity="1" crap="1" count="5"/>
      <line num="56" type="stmt" count="5"/>
      <line num="59" type="method" name="setEmail" visibility="public" complexity="1" crap="1" count="5"/>
      <line num="61" type="stmt" count="5"/>
      <line num="63" type="stmt" count="5"/>
      <line num="66" type="method" name="getPassword" visibility="public" complexity="1" crap="2" count="0"/>
      <line num="68" type="stmt" count="0"/>
      <line num="71" type="method" name="setPassword" visibility="public" complexity="1" crap="1" count="4"/>
      <line num="73" type="stmt" count="4"/>
      <line num="75" type="stmt" count="4"/>
      <line num="78" type="method" name="getCreatedAt" visibility="public" complexity="1" crap="2" count="0"/>
      <line num="80" type="stmt" count="0"/>
      <line num="83" type="method" name="setCreatedAt" visibility="public" complexity="1" crap="1" count="1"/>
      <line num="85" type="stmt" count="1"/>
      <line num="87" type="stmt" count="1"/>
      <metrics loc="90" ncloc="90" classes="1" methods="10" coveredmethods="6" conditionals="0" coveredconditionals="0" statements="14" coveredstatements="10" elements="24" coveredelements="16"/>
    </file>
    <file name="C:\Users\mathe\Desktop\users_api\src\Kernel.php">
      <class name="App\Kernel" namespace="global">
        <metrics complexity="0" methods="0" coveredmethods="0" conditionals="0" coveredconditionals="0" statements="0" coveredstatements="0" elements="0" coveredelements="0"/>
      </class>
      <metrics loc="12" ncloc="12" classes="0" methods="0" coveredmethods="0" conditionals="0" coveredconditionals="0" statements="0" coveredstatements="0" elements="0" coveredelements="0"/>
    </file>
    <file name="C:\Users\mathe\Desktop\users_api\src\Repository\User\UserRepository.php">
      <metrics loc="12" ncloc="12" classes="0" methods="0" coveredmethods="0" conditionals="0" coveredconditionals="0" statements="0" coveredstatements="0" elements="0" coveredelements="0"/>
    </file>
    <file name="C:\Users\mathe\Desktop\users_api\src\Repository\User\UserRepositoryImpl.php">
      <class name="App\Repository\User\UserRepositoryImpl" namespace="global">
        <metrics complexity="3" methods="3" coveredmethods="0" conditionals="0" coveredconditionals="0" statements="4" coveredstatements="0" elements="7" coveredelements="0"/>
      </class>
      <line num="12" type="method" name="__construct" visibility="public" complexity="1" crap="2" count="0"/>
      <line num="14" type="stmt" count="0"/>
      <line num="17" type="method" name="findOneByEmail" visibility="public" complexity="1" crap="2" count="0"/>
      <line num="19" type="stmt" count="0"/>
      <line num="22" type="method" name="save" visibility="public" complexity="1" crap="2" count="0"/>
      <line num="24" type="stmt" count="0"/>
      <line num="25" type="stmt" count="0"/>
      <metrics loc="28" ncloc="28" classes="1" methods="3" coveredmethods="0" conditionals="0" coveredconditionals="0" statements="4" coveredstatements="0" elements="7" coveredelements="0"/>
    </file>
    <file name="C:\Users\mathe\Desktop\users_api\src\Repository\User\UserRepositoryTestImpl.php">
      <class name="App\Repository\User\UserRepositoryTestImpl" namespace="global">
        <metrics complexity="2" methods="2" coveredmethods="2" conditionals="0" coveredconditionals="0" statements="2" coveredstatements="2" elements="4" coveredelements="4"/>
      </class>
      <line num="11" type="method" name="findOneByEmail" visibility="public" complexity="1" crap="1" count="5"/>
      <line num="13" type="stmt" count="5"/>
      <line num="16" type="method" name="save" visibility="public" complexity="1" crap="1" count="5"/>
      <line num="18" type="stmt" count="5"/>
      <metrics loc="21" ncloc="21" classes="1" methods="2" coveredmethods="2" conditionals="0" coveredconditionals="0" statements="2" coveredstatements="2" elements="4" coveredelements="4"/>
    </file>
    <file name="C:\Users\mathe\Desktop\users_api\src\Service\ValidationService.php">
      <class name="App\Service\ValidationService" namespace="global">
        <metrics complexity="5" methods="3" coveredmethods="3" conditionals="0" coveredconditionals="0" statements="12" coveredstatements="12" elements="15" coveredelements="15"/>
      </class>
      <line num="12" type="method" name="__construct" visibility="public" complexity="1" crap="1" count="8"/>
      <line num="14" type="stmt" count="8"/>
      <line num="23" type="method" name="validate" visibility="public" complexity="2" crap="2" count="8"/>
      <line num="25" type="stmt" count="8"/>
      <line num="27" type="stmt" count="8"/>
      <line num="28" type="stmt" count="4"/>
      <line num="31" type="stmt" count="4"/>
      <line num="40" type="method" name="getErrors" visibility="private" complexity="2" crap="2" count="4"/>
      <line num="42" type="stmt" count="4"/>
      <line num="44" type="stmt" count="4"/>
      <line num="45" type="stmt" count="4"/>
      <line num="46" type="stmt" count="4"/>
      <line num="47" type="stmt" count="4"/>
      <line num="48" type="stmt" count="4"/>
      <line num="51" type="stmt" count="4"/>
      <metrics loc="54" ncloc="42" classes="1" methods="3" coveredmethods="3" conditionals="0" coveredconditionals="0" statements="12" coveredstatements="12" elements="15" coveredelements="15"/>
    </file>
    <file name="C:\Users\mathe\Desktop\users_api\src\UseCase\Auth\LoginUserUseCase.php">
      <class name="App\UseCase\Auth\LoginUserUseCase" namespace="global">
        <metrics complexity="4" methods="2" coveredmethods="2" conditionals="0" coveredconditionals="0" statements="8" coveredstatements="8" elements="10" coveredelements="10"/>
      </class>
      <line num="15" type="method" name="__construct" visibility="public" complexity="1" crap="1" count="3"/>
      <line num="19" type="stmt" count="3"/>
      <line num="20" type="stmt" count="3"/>
      <line num="23" type="method" name="execute" visibility="public" complexity="3" crap="3" count="3"/>
      <line num="25" type="stmt" count="3"/>
      <line num="26" type="stmt" count="3"/>
      <line num="27" type="stmt" count="1"/>
      <line num="30" type="stmt" count="2"/>
      <line num="31" type="stmt" count="1"/>
      <line num="34" type="stmt" count="1"/>
      <metrics loc="37" ncloc="37" classes="1" methods="2" coveredmethods="2" conditionals="0" coveredconditionals="0" statements="8" coveredstatements="8" elements="10" coveredelements="10"/>
    </file>
    <file name="C:\Users\mathe\Desktop\users_api\src\UseCase\Auth\RegisterUserUseCase.php">
      <class name="App\UseCase\Auth\RegisterUserUseCase" namespace="global">
        <metrics complexity="3" methods="2" coveredmethods="2" conditionals="0" coveredconditionals="0" statements="12" coveredstatements="12" elements="14" coveredelements="14"/>
      </class>
      <line num="16" type="method" name="__construct" visibility="public" complexity="1" crap="1" count="2"/>
      <line num="20" type="stmt" count="2"/>
      <line num="21" type="stmt" count="2"/>
      <line num="24" type="method" name="execute" visibility="public" complexity="2" crap="2" count="2"/>
      <line num="27" type="stmt" count="2"/>
      <line num="29" type="stmt" count="2"/>
      <line num="30" type="stmt" count="1"/>
      <line num="33" type="stmt" count="1"/>
      <line num="34" type="stmt" count="1"/>
      <line num="35" type="stmt" count="1"/>
      <line num="36" type="stmt" count="1"/>
      <line num="37" type="stmt" count="1"/>
      <line num="39" type="stmt" count="1"/>
      <line num="41" type="stmt" count="1"/>
      <metrics loc="44" ncloc="44" classes="1" methods="2" coveredmethods="2" conditionals="0" coveredconditionals="0" statements="12" coveredstatements="12" elements="14" coveredelements="14"/>
    </file>
    <metrics files="11" loc="410" ncloc="398" classes="9" methods="27" coveredmethods="20" conditionals="0" coveredconditionals="0" statements="77" coveredstatements="69" elements="104" coveredelements="89"/>
  </project>
</coverage>
